<?xml version="1.0" encoding="UTF-8"?>
<testsuite name="domain.usecase.InMemoryMCCByMerchantNameGatewayImplTest" tests="12" skipped="0" failures="0" errors="0" timestamp="2024-11-06T11:39:44" hostname="serenos-MacBook-Air.local" time="0.01">
  <properties/>
  <testcase name="when merchant name is LANCHONETE MISTO QUENTE must use MEAL wallet()" classname="domain.usecase.InMemoryMCCByMerchantNameGatewayImplTest" time="0.005"/>
  <testcase name="when merchant name is GALETO IFOOD must use MEAL wallet()" classname="domain.usecase.InMemoryMCCByMerchantNameGatewayImplTest" time="0.001"/>
  <testcase name="when merchant name is RESTAURANTE MISTURA FINA must use MEAL wallet()" classname="domain.usecase.InMemoryMCCByMerchantNameGatewayImplTest" time="0.0"/>
  <testcase name="when merchant name is PAG*MERCADO ROCHA must use FOOD wallet()" classname="domain.usecase.InMemoryMCCByMerchantNameGatewayImplTest" time="0.0"/>
  <testcase name="when merchant name is AÇOUGUE BOA CARNE must use FOOD wallet()" classname="domain.usecase.InMemoryMCCByMerchantNameGatewayImplTest" time="0.0"/>
  <testcase name="when merchant name is SOPERIA DELICIA must use MEAL wallet()" classname="domain.usecase.InMemoryMCCByMerchantNameGatewayImplTest" time="0.0"/>
  <testcase name="when merchant name is UBER TRIP must use CASH wallet()" classname="domain.usecase.InMemoryMCCByMerchantNameGatewayImplTest" time="0.0"/>
  <testcase name="when merchant name is UBER EATS must use MEAL wallet()" classname="domain.usecase.InMemoryMCCByMerchantNameGatewayImplTest" time="0.0"/>
  <testcase name="when merchant name is FRIGORIFICO GALINHAS must use FOOD wallet()" classname="domain.usecase.InMemoryMCCByMerchantNameGatewayImplTest" time="0.0"/>
  <testcase name="when merchant name is MERCADO BOMPRECO must use FOOD wallet()" classname="domain.usecase.InMemoryMCCByMerchantNameGatewayImplTest" time="0.001"/>
  <testcase name="when merchant name is PICPAY*HIPER IDEAL must use FOOD wallet()" classname="domain.usecase.InMemoryMCCByMerchantNameGatewayImplTest" time="0.0"/>
  <testcase name="when merchant name is PANIFICADORA IDEAL must use FOOD wallet()" classname="domain.usecase.InMemoryMCCByMerchantNameGatewayImplTest" time="0.0"/>
  <system-out><![CDATA[]]></system-out>
  <system-err><![CDATA[]]></system-err>
</testsuite>
